/home/hw4948/.conda/envs/tokenrank/lib/python3.9/site-packages/torchvision/transforms/transforms.py:287: UserWarning: Argument interpolation should be of type InterpolationMode instead of int. Please, use InterpolationMode enum.
  warnings.warn(
/home/hw4948/.conda/envs/tokenrank/lib/python3.9/site-packages/torch/utils/data/dataloader.py:478: UserWarning: This DataLoader will create 10 worker processes in total. Our suggested max number of worker in current system is 2, which is smaller than what this DataLoader is going to create. Please be aware that excessive worker creation might get DataLoader running slow or even freeze, lower the worker number to avoid potential slowness/freeze if necessary.
  warnings.warn(_create_warning_msg(
# missing keys= []
# unexpected keys= []
successfully loaded from pre-trained weights: model_weights/deit_base_patch16_224-b5f2ef4d.pth
number of params: 86567656
Test: [  0/391]	Time 16.981 (16.981)	Loss 3.7934e-01 (3.7934e-01)	Acc@1  95.31 ( 95.31)	Acc@5  99.22 ( 99.22)
Test: [ 20/391]	Time  2.849 ( 1.358)	Loss 6.5649e-01 (6.4590e-01)	Acc@1  85.94 ( 86.76)	Acc@5  95.31 ( 96.95)
Test: [ 40/391]	Time  3.766 ( 1.012)	Loss 6.3217e-01 (6.8565e-01)	Acc@1  89.84 ( 85.50)	Acc@5  94.53 ( 96.78)
Test: [ 60/391]	Time  3.177 ( 0.870)	Loss 8.5748e-01 (6.4875e-01)	Acc@1  82.03 ( 86.74)	Acc@5  94.53 ( 96.98)
Test: [ 80/391]	Time  2.092 ( 0.794)	Loss 6.9723e-01 (6.9568e-01)	Acc@1  82.03 ( 85.32)	Acc@5  96.88 ( 96.79)
Test: [100/391]	Time  2.319 ( 0.762)	Loss 6.0350e-01 (7.0353e-01)	Acc@1  92.19 ( 84.97)	Acc@5  97.66 ( 96.80)
Test: [120/391]	Time  0.578 ( 0.742)	Loss 6.0185e-01 (7.1117e-01)	Acc@1  87.50 ( 84.81)	Acc@5  98.44 ( 96.89)
Test: [140/391]	Time  0.400 ( 0.723)	Loss 1.0339e+00 (7.0137e-01)	Acc@1  73.44 ( 84.86)	Acc@5  99.22 ( 96.99)
Test: [160/391]	Time  1.730 ( 0.723)	Loss 8.6454e-01 (7.0964e-01)	Acc@1  78.91 ( 84.75)	Acc@5  95.31 ( 96.86)
Test: [180/391]	Time  0.303 ( 0.711)	Loss 1.5178e+00 (7.5081e-01)	Acc@1  63.28 ( 83.68)	Acc@5  92.19 ( 96.50)
Test: [200/391]	Time  0.275 ( 0.695)	Loss 1.0307e+00 (7.9399e-01)	Acc@1  75.00 ( 82.63)	Acc@5  91.41 ( 96.03)
Test: [220/391]	Time  0.297 ( 0.687)	Loss 3.8009e-01 (8.0824e-01)	Acc@1  91.41 ( 82.32)	Acc@5 100.00 ( 95.86)
Test: [240/391]	Time  0.228 ( 0.677)	Loss 8.4406e-01 (8.1691e-01)	Acc@1  85.94 ( 82.27)	Acc@5  91.41 ( 95.70)
Test: [260/391]	Time  0.151 ( 0.670)	Loss 7.6778e-01 (8.4705e-01)	Acc@1  78.12 ( 81.43)	Acc@5  97.66 ( 95.37)
Test: [280/391]	Time  0.175 ( 0.670)	Loss 9.6627e-01 (8.5789e-01)	Acc@1  78.12 ( 81.22)	Acc@5  96.09 ( 95.26)
Test: [300/391]	Time  0.169 ( 0.667)	Loss 8.7570e-01 (8.7265e-01)	Acc@1  85.94 ( 81.01)	Acc@5  94.53 ( 95.02)
Test: [320/391]	Time  0.217 ( 0.663)	Loss 5.6337e-01 (8.8441e-01)	Acc@1  89.84 ( 80.80)	Acc@5  98.44 ( 94.86)
Test: [340/391]	Time  0.182 ( 0.660)	Loss 7.6496e-01 (8.9772e-01)	Acc@1  82.81 ( 80.44)	Acc@5  95.31 ( 94.74)
Test: [360/391]	Time  0.193 ( 0.657)	Loss 1.2799e+00 (9.0891e-01)	Acc@1  72.66 ( 80.16)	Acc@5  95.31 ( 94.66)
Test: [380/391]	Time  0.127 ( 0.649)	Loss 6.5887e-01 (9.0701e-01)	Acc@1  85.94 ( 80.22)	Acc@5  98.44 ( 94.69)
 * Acc@1 80.260 Acc@5 94.732
